running egg_info
creating ../../build/turtle_custom_controller/turtle_custom_controller.egg-info
writing ../../build/turtle_custom_controller/turtle_custom_controller.egg-info/PKG-INFO
writing dependency_links to ../../build/turtle_custom_controller/turtle_custom_controller.egg-info/dependency_links.txt
writing entry points to ../../build/turtle_custom_controller/turtle_custom_controller.egg-info/entry_points.txt
writing requirements to ../../build/turtle_custom_controller/turtle_custom_controller.egg-info/requires.txt
writing top-level names to ../../build/turtle_custom_controller/turtle_custom_controller.egg-info/top_level.txt
writing manifest file '../../build/turtle_custom_controller/turtle_custom_controller.egg-info/SOURCES.txt'
reading manifest file '../../build/turtle_custom_controller/turtle_custom_controller.egg-info/SOURCES.txt'
writing manifest file '../../build/turtle_custom_controller/turtle_custom_controller.egg-info/SOURCES.txt'
running build
running build_py
creating /home/beaver/ros2_ex_turtlesim/build/turtle_custom_controller/build
creating /home/beaver/ros2_ex_turtlesim/build/turtle_custom_controller/build/lib
creating /home/beaver/ros2_ex_turtlesim/build/turtle_custom_controller/build/lib/turtle_custom_controller
copying turtle_custom_controller/turtle_controller.py -> /home/beaver/ros2_ex_turtlesim/build/turtle_custom_controller/build/lib/turtle_custom_controller
copying turtle_custom_controller/__init__.py -> /home/beaver/ros2_ex_turtlesim/build/turtle_custom_controller/build/lib/turtle_custom_controller
running install
running install_lib
creating /home/beaver/ros2_ex_turtlesim/install/turtle_custom_controller/lib/python3.10/site-packages/turtle_custom_controller
copying /home/beaver/ros2_ex_turtlesim/build/turtle_custom_controller/build/lib/turtle_custom_controller/turtle_controller.py -> /home/beaver/ros2_ex_turtlesim/install/turtle_custom_controller/lib/python3.10/site-packages/turtle_custom_controller
copying /home/beaver/ros2_ex_turtlesim/build/turtle_custom_controller/build/lib/turtle_custom_controller/__init__.py -> /home/beaver/ros2_ex_turtlesim/install/turtle_custom_controller/lib/python3.10/site-packages/turtle_custom_controller
byte-compiling /home/beaver/ros2_ex_turtlesim/install/turtle_custom_controller/lib/python3.10/site-packages/turtle_custom_controller/turtle_controller.py to turtle_controller.cpython-310.pyc
byte-compiling /home/beaver/ros2_ex_turtlesim/install/turtle_custom_controller/lib/python3.10/site-packages/turtle_custom_controller/__init__.py to __init__.cpython-310.pyc
running install_data
creating /home/beaver/ros2_ex_turtlesim/install/turtle_custom_controller/share/ament_index
creating /home/beaver/ros2_ex_turtlesim/install/turtle_custom_controller/share/ament_index/resource_index
creating /home/beaver/ros2_ex_turtlesim/install/turtle_custom_controller/share/ament_index/resource_index/packages
copying resource/turtle_custom_controller -> /home/beaver/ros2_ex_turtlesim/install/turtle_custom_controller/share/ament_index/resource_index/packages
copying package.xml -> /home/beaver/ros2_ex_turtlesim/install/turtle_custom_controller/share/turtle_custom_controller
running install_egg_info
Copying ../../build/turtle_custom_controller/turtle_custom_controller.egg-info to /home/beaver/ros2_ex_turtlesim/install/turtle_custom_controller/lib/python3.10/site-packages/turtle_custom_controller-0.0.0-py3.10.egg-info
running install_scripts
Installing turtlesimcustomcontroller script to /home/beaver/ros2_ex_turtlesim/install/turtle_custom_controller/lib/turtle_custom_controller
writing list of installed files to '/home/beaver/ros2_ex_turtlesim/build/turtle_custom_controller/install.log'
