[0.571s] Invoking command in '/home/beaver/ros2_ex_turtlesim/src/turtle_custom_controller': PYTHONPATH=/home/beaver/ros2_ex_turtlesim/build/turtle_custom_controller/prefix_override:/home/beaver/ros2_ex_turtlesim/install/turtle_custom_controller/lib/python3.10/site-packages:${PYTHONPATH} /usr/bin/python3 setup.py egg_info --egg-base ../../build/turtle_custom_controller build --build-base /home/beaver/ros2_ex_turtlesim/build/turtle_custom_controller/build install --record /home/beaver/ros2_ex_turtlesim/build/turtle_custom_controller/install.log --single-version-externally-managed
[0.763s] running egg_info
[0.763s] creating ../../build/turtle_custom_controller/turtle_custom_controller.egg-info
[0.763s] writing ../../build/turtle_custom_controller/turtle_custom_controller.egg-info/PKG-INFO
[0.763s] writing dependency_links to ../../build/turtle_custom_controller/turtle_custom_controller.egg-info/dependency_links.txt
[0.763s] writing entry points to ../../build/turtle_custom_controller/turtle_custom_controller.egg-info/entry_points.txt
[0.763s] writing requirements to ../../build/turtle_custom_controller/turtle_custom_controller.egg-info/requires.txt
[0.763s] writing top-level names to ../../build/turtle_custom_controller/turtle_custom_controller.egg-info/top_level.txt
[0.763s] writing manifest file '../../build/turtle_custom_controller/turtle_custom_controller.egg-info/SOURCES.txt'
[0.765s] reading manifest file '../../build/turtle_custom_controller/turtle_custom_controller.egg-info/SOURCES.txt'
[0.765s] writing manifest file '../../build/turtle_custom_controller/turtle_custom_controller.egg-info/SOURCES.txt'
[0.765s] running build
[0.765s] running build_py
[0.766s] creating /home/beaver/ros2_ex_turtlesim/build/turtle_custom_controller/build
[0.766s] creating /home/beaver/ros2_ex_turtlesim/build/turtle_custom_controller/build/lib
[0.766s] creating /home/beaver/ros2_ex_turtlesim/build/turtle_custom_controller/build/lib/turtle_custom_controller
[0.766s] copying turtle_custom_controller/turtle_controller.py -> /home/beaver/ros2_ex_turtlesim/build/turtle_custom_controller/build/lib/turtle_custom_controller
[0.766s] copying turtle_custom_controller/__init__.py -> /home/beaver/ros2_ex_turtlesim/build/turtle_custom_controller/build/lib/turtle_custom_controller
[0.766s] running install
[0.766s] running install_lib
[0.767s] creating /home/beaver/ros2_ex_turtlesim/install/turtle_custom_controller/lib/python3.10/site-packages/turtle_custom_controller
[0.767s] copying /home/beaver/ros2_ex_turtlesim/build/turtle_custom_controller/build/lib/turtle_custom_controller/turtle_controller.py -> /home/beaver/ros2_ex_turtlesim/install/turtle_custom_controller/lib/python3.10/site-packages/turtle_custom_controller
[0.767s] copying /home/beaver/ros2_ex_turtlesim/build/turtle_custom_controller/build/lib/turtle_custom_controller/__init__.py -> /home/beaver/ros2_ex_turtlesim/install/turtle_custom_controller/lib/python3.10/site-packages/turtle_custom_controller
[0.767s] byte-compiling /home/beaver/ros2_ex_turtlesim/install/turtle_custom_controller/lib/python3.10/site-packages/turtle_custom_controller/turtle_controller.py to turtle_controller.cpython-310.pyc
[0.767s] byte-compiling /home/beaver/ros2_ex_turtlesim/install/turtle_custom_controller/lib/python3.10/site-packages/turtle_custom_controller/__init__.py to __init__.cpython-310.pyc
[0.767s]   File "/home/beaver/ros2_ex_turtlesim/install/turtle_custom_controller/lib/python3.10/site-packages/turtle_custom_controller/turtle_controller.py", line 17
[0.768s]     if keyboard.is_pressed('w')
[0.768s]                                ^
[0.768s] SyntaxError: expected ':'
[0.768s] 
[0.768s] running install_data
[0.768s] creating /home/beaver/ros2_ex_turtlesim/install/turtle_custom_controller/share/ament_index
[0.768s] creating /home/beaver/ros2_ex_turtlesim/install/turtle_custom_controller/share/ament_index/resource_index
[0.768s] creating /home/beaver/ros2_ex_turtlesim/install/turtle_custom_controller/share/ament_index/resource_index/packages
[0.768s] copying resource/turtle_custom_controller -> /home/beaver/ros2_ex_turtlesim/install/turtle_custom_controller/share/ament_index/resource_index/packages
[0.768s] copying package.xml -> /home/beaver/ros2_ex_turtlesim/install/turtle_custom_controller/share/turtle_custom_controller
[0.768s] running install_egg_info
[0.769s] Copying ../../build/turtle_custom_controller/turtle_custom_controller.egg-info to /home/beaver/ros2_ex_turtlesim/install/turtle_custom_controller/lib/python3.10/site-packages/turtle_custom_controller-0.0.0-py3.10.egg-info
[0.770s] running install_scripts
[0.785s] Installing turtlesimcustomcontroller script to /home/beaver/ros2_ex_turtlesim/install/turtle_custom_controller/lib/turtle_custom_controller
[0.785s] writing list of installed files to '/home/beaver/ros2_ex_turtlesim/build/turtle_custom_controller/install.log'
[0.805s] Invoked command in '/home/beaver/ros2_ex_turtlesim/src/turtle_custom_controller' returned '0': PYTHONPATH=/home/beaver/ros2_ex_turtlesim/build/turtle_custom_controller/prefix_override:/home/beaver/ros2_ex_turtlesim/install/turtle_custom_controller/lib/python3.10/site-packages:${PYTHONPATH} /usr/bin/python3 setup.py egg_info --egg-base ../../build/turtle_custom_controller build --build-base /home/beaver/ros2_ex_turtlesim/build/turtle_custom_controller/build install --record /home/beaver/ros2_ex_turtlesim/build/turtle_custom_controller/install.log --single-version-externally-managed
