running egg_info
writing ../../build/turtle_custom_controller/turtle_custom_controller.egg-info/PKG-INFO
writing dependency_links to ../../build/turtle_custom_controller/turtle_custom_controller.egg-info/dependency_links.txt
writing entry points to ../../build/turtle_custom_controller/turtle_custom_controller.egg-info/entry_points.txt
writing requirements to ../../build/turtle_custom_controller/turtle_custom_controller.egg-info/requires.txt
writing top-level names to ../../build/turtle_custom_controller/turtle_custom_controller.egg-info/top_level.txt
reading manifest file '../../build/turtle_custom_controller/turtle_custom_controller.egg-info/SOURCES.txt'
writing manifest file '../../build/turtle_custom_controller/turtle_custom_controller.egg-info/SOURCES.txt'
running build
running build_py
copying turtle_custom_controller/turtle_controller.py -> /home/beaver/ros2_ex_turtlesim/build/turtle_custom_controller/build/lib/turtle_custom_controller
running install
running install_lib
copying /home/beaver/ros2_ex_turtlesim/build/turtle_custom_controller/build/lib/turtle_custom_controller/turtle_controller.py -> /home/beaver/ros2_ex_turtlesim/install/turtle_custom_controller/lib/python3.10/site-packages/turtle_custom_controller
byte-compiling /home/beaver/ros2_ex_turtlesim/install/turtle_custom_controller/lib/python3.10/site-packages/turtle_custom_controller/turtle_controller.py to turtle_controller.cpython-310.pyc
running install_data
copying package.xml -> /home/beaver/ros2_ex_turtlesim/install/turtle_custom_controller/share/turtle_custom_controller
running install_egg_info
removing '/home/beaver/ros2_ex_turtlesim/install/turtle_custom_controller/lib/python3.10/site-packages/turtle_custom_controller-0.0.0-py3.10.egg-info' (and everything under it)
Copying ../../build/turtle_custom_controller/turtle_custom_controller.egg-info to /home/beaver/ros2_ex_turtlesim/install/turtle_custom_controller/lib/python3.10/site-packages/turtle_custom_controller-0.0.0-py3.10.egg-info
running install_scripts
Installing turtlesimcustomcontroller script to /home/beaver/ros2_ex_turtlesim/install/turtle_custom_controller/lib/turtle_custom_controller
writing list of installed files to '/home/beaver/ros2_ex_turtlesim/build/turtle_custom_controller/install.log'
